
Showing logs for build [32mcb-kubecd-bdd-nh-1593054895-pr-489nv-1[0m stage [32mfrom-build-pack[0m and container [32mstep-credential-initializer-jmbvw[0m
{"level":"info","ts":1593056533.8712957,"logger":"fallback-logger","caller":"logging/config.go:69","msg":"Fetch GitHub commit ID from kodata failed: open /var/run/ko/refs/heads/0.8.0-ns-support: no such file or directory"}
{"level":"info","ts":1593056533.8716853,"logger":"fallback-logger","caller":"creds-init/main.go:40","msg":"Credentials initialized."}

Showing logs for build [32mcb-kubecd-bdd-nh-1593054895-pr-489nv-1[0m stage [32mfrom-build-pack[0m and container [32mstep-working-dir-initializer-rv2m6[0m
{"level":"info","ts":1593056534.3613315,"logger":"fallback-logger","caller":"logging/config.go:69","msg":"Fetch GitHub commit ID from kodata failed: open /var/run/ko/HEAD: no such file or directory"}
{"level":"info","ts":1593056534.3622007,"logger":"fallback-logger","caller":"bash/main.go:64","msg":"Successfully executed command \"sh -c mkdir -p /workspace/source\"; output "}

Showing logs for build [32mcb-kubecd-bdd-nh-1593054895-pr-489nv-1[0m stage [32mfrom-build-pack[0m and container [32mstep-place-tools[0m

Showing logs for build [32mcb-kubecd-bdd-nh-1593054895-pr-489nv-1[0m stage [32mfrom-build-pack[0m and container [32mstep-git-source-cb-kubecd-bdd-nh-1593054895-pr-489nv-wrs7q[0m
{"level":"info","ts":1593056552.4176424,"logger":"fallback-logger","caller":"logging/config.go:69","msg":"Fetch GitHub commit ID from kodata failed: open /var/run/ko/refs/heads/0.8.0-ns-support: no such file or directory"}
{"level":"info","ts":1593056552.658739,"logger":"fallback-logger","caller":"git/git.go:103","msg":"Successfully cloned https://github.com/cb-kubecd/bdd-nh-1593054895.git @ master in path /workspace/source"}

Showing logs for build [32mcb-kubecd-bdd-nh-1593054895-pr-489nv-1[0m stage [32mfrom-build-pack[0m and container [32mstep-git-merge[0m
Using SHAs from PULL_REFS=master:2891e933f7dd1328a7c39708f36fc180fcd100cd,1:e1cb7801dbb35279b39be0961c976cd203580766
DEBUG: JX_LOG_LEVEL=error LC_ALL=C git fetch origin --unshallow e1cb7801dbb35279b39be0961c976cd203580766: 2891e933f7dd1328a7c39708f36fc180fcd100cd:
DEBUG: ran git fetch --unshallow origin e1cb7801dbb35279b39be0961c976cd203580766: 2891e933f7dd1328a7c39708f36fc180fcd100cd: in 
DEBUG: LC_ALL=C JX_LOG_LEVEL=error git branch
DEBUG: LC_ALL=C JX_LOG_LEVEL=error git checkout master
DEBUG: ran git checkout master in 
DEBUG: LC_ALL=C JX_LOG_LEVEL=error git reset --hard 2891e933f7dd1328a7c39708f36fc180fcd100cd
DEBUG: ran git reset --hard 2891e933f7dd1328a7c39708f36fc180fcd100cd in 
DEBUG: LC_ALL=C JX_LOG_LEVEL=error git clean -fd .
DEBUG: ran clean --force -d . in 
DEBUG: LC_ALL=C JX_LOG_LEVEL=error git merge e1cb7801dbb35279b39be0961c976cd203580766
DEBUG: ran git merge e1cb7801dbb35279b39be0961c976cd203580766 in 
DEBUG: LC_ALL=C JX_LOG_LEVEL=error git log --format=%H%x1f%an%x1f%ae%x1f%cn%x1f%ce%x1f%s%n%b%x1e 2891e933f7dd1328a7c39708f36fc180fcd100cd..HEAD
Merged SHA e1cb7801dbb35279b39be0961c976cd203580766 with commit message 'My first PR commit' into base branch master

Showing logs for build [32mcb-kubecd-bdd-nh-1593054895-pr-489nv-1[0m stage [32mfrom-build-pack[0m and container [32mstep-build-npmrc[0m
WARNING: failed to find Secret npm-token in namespace **

Showing logs for build [32mcb-kubecd-bdd-nh-1593054895-pr-489nv-1[0m stage [32mfrom-build-pack[0m and container [32mstep-build-npm-install[0m
npm notice created a lockfile as package-lock.json. You should commit this file.
npm WARN REPLACE_ME@1.0.0 No repository field.
npm WARN REPLACE_ME@1.0.0 No license field.

up to date in 0.211s
found 0 vulnerabilities


Showing logs for build [32mcb-kubecd-bdd-nh-1593054895-pr-489nv-1[0m stage [32mfrom-build-pack[0m and container [32mstep-build-npm-test[0m

> REPLACE_ME@1.0.0 test /workspace/source
> echo "no test specified" && exit 0

no test specified

Showing logs for build [32mcb-kubecd-bdd-nh-1593054895-pr-489nv-1[0m stage [32mfrom-build-pack[0m and container [32mstep-build-container-build[0m
[36mINFO[0m[0000] Using dockerignore file: /workspace/source/.dockerignore 
[36mINFO[0m[0000] Retrieving image manifest node:9-slim        
[36mINFO[0m[0000] Retrieving image manifest node:9-slim        
[36mINFO[0m[0001] Built cross stage deps: map[]                
[36mINFO[0m[0001] Retrieving image manifest node:9-slim        
[36mINFO[0m[0001] Retrieving image manifest node:9-slim        
[36mINFO[0m[0002] Executing 0 build triggers                   
[36mINFO[0m[0002] cmd: EXPOSE                                  
[36mINFO[0m[0002] Adding exposed port: 8080/tcp                
[36mINFO[0m[0002] Checking for cached layer 296178596335.dkr.ecr.us-east-1.amazonaws.com/todo/cache:db2b40767cab11d7858ec7fcf768561c421eab2406fb1a79f6e1027dc8ee2dcc... 
[36mINFO[0m[0002] No cached layer found for cmd COPY . .       
[36mINFO[0m[0002] Unpacking rootfs as cmd COPY . . requires it. 
[36mINFO[0m[0005] ENV PORT 8080                                
[36mINFO[0m[0005] No files changed in this command, skipping snapshotting. 
[36mINFO[0m[0005] EXPOSE 8080                                  
[36mINFO[0m[0005] cmd: EXPOSE                                  
[36mINFO[0m[0005] Adding exposed port: 8080/tcp                
[36mINFO[0m[0005] No files changed in this command, skipping snapshotting. 
[36mINFO[0m[0005] WORKDIR /usr/src/app                         
[36mINFO[0m[0005] cmd: workdir                                 
[36mINFO[0m[0005] Changed working directory to /usr/src/app    
[36mINFO[0m[0005] Creating directory /usr/src/app              
[36mINFO[0m[0005] Resolving 1 paths                            
[36mINFO[0m[0005] Taking snapshot of files...                  
[36mINFO[0m[0005] COPY . .                                     
[36mINFO[0m[0005] Resolving 145 paths                          
[36mINFO[0m[0005] Taking snapshot of files...                  
[36mINFO[0m[0005] CMD ["npm", "start"]                         
[36mINFO[0m[0005] No files changed in this command, skipping snapshotting. 
[36mINFO[0m[0005] Pushing layer 296178596335.dkr.ecr.us-east-1.amazonaws.com/todo/cache:db2b40767cab11d7858ec7fcf768561c421eab2406fb1a79f6e1027dc8ee2dcc to cache now 
[33mWARN[0m[0006] error uploading layer to cache: failed to push to destination 296178596335.dkr.ecr.us-east-1.amazonaws.com/todo/cache:db2b40767cab11d7858ec7fcf768561c421eab2406fb1a79f6e1027dc8ee2dcc: POST https://296178596335.dkr.ecr.us-east-1.amazonaws.com/v2/todo/cache/blobs/uploads/: NAME_UNKNOWN: The repository with name 'todo/cache' does not exist in the registry with id '296178596335' 

Showing logs for build [32mcb-kubecd-bdd-nh-1593054895-pr-489nv-1[0m stage [32mfrom-build-pack[0m and container [32mstep-postbuild-post-build[0m
no CVE provider running in the current ** namespace so skip adding image to be analysed

Showing logs for build [32mcb-kubecd-bdd-nh-1593054895-pr-489nv-1[0m stage [32mfrom-build-pack[0m and container [32mstep-promote-make-preview[0m
sed -i -e "s/version:.*/version: 0.0.0-SNAPSHOT-PR-1-1/" Chart.yaml
sed -i -e "s/version:.*/version: 0.0.0-SNAPSHOT-PR-1-1/" ../*/Chart.yaml
sed -i -e "s|repository:.*|repository: 296178596335.dkr.ecr.us-east-1.amazonaws.com\/cb-kubecd\/bdd-nh-1593054895|" values.yaml
sed -i -e "s/tag:.*/tag: 0.0.0-SNAPSHOT-PR-1-1/" values.yaml
echo "  version: 0.0.0-SNAPSHOT-PR-1-1" >> requirements.yaml
** step helm build
WARNING: No $CHART_REPOSITORY defined so using the default value of: http://jenkins-x-chartmuseum:8080
Adding missing Helm repo: storage.googleapis.com https://storage.googleapis.com/chartmuseum.jenkins-x.io
WARNING: No secrets found on "helm/repos" due: reading the secret "helm/repos" from vault: no secret "helm/repos" not found in vault
Read credentials for https://storage.googleapis.com/chartmuseum.jenkins-x.io from vault helm/repos
Successfully added Helm repository storage.googleapis.com.
Adding missing Helm repo: jenkins-x-chartmuseum http://jenkins-x-chartmuseum:8080
WARNING: No secrets found on "helm/repos" due: reading the secret "helm/repos" from vault: no secret "helm/repos" not found in vault
Read credentials for http://jenkins-x-chartmuseum:8080 from vault helm/repos
Successfully added Helm repository jenkins-x-chartmuseum.
WARNING: No $CHART_REPOSITORY defined so using the default value of: http://jenkins-x-chartmuseum:8080
Adding missing Helm repo: chartmuseum.jenkins-x.io http://chartmuseum.jenkins-x.io
WARNING: No secrets found on "helm/repos" due: reading the secret "helm/repos" from vault: no secret "helm/repos" not found in vault
Read credentials for http://chartmuseum.jenkins-x.io from vault helm/repos
Successfully added Helm repository chartmuseum.jenkins-x.io.

Showing logs for build [32mcb-kubecd-bdd-nh-1593054895-pr-489nv-1[0m stage [32mfrom-build-pack[0m and container [32mstep-promote-jx-preview[0m
Creating a preview
Waiting for KV secrets engine to be ready for write...
Created environment cb-kubecd-bdd-nh-1593054895-pr-1
Namespace **-cb-kubecd-bdd-nh-1593054895-pr-1 created 
expose:
  Annotations:
    helm.sh/hook: post-install,post-upgrade
    helm.sh/hook-delete-policy: hook-succeeded
  config:
    domain: 34.235.10.152.nip.io
    exposer: Ingress
    http: "true"
preview:
  image:
    repository: 296178596335.dkr.ecr.us-east-1.amazonaws.com/cb-kubecd/bdd-nh-1593054895
    tag: 0.0.0-SNAPSHOT-PR-1-1

Updating PipelineActivities cb-kubecd-bdd-nh-1593054895-pr-1-1 which has status 
WARNING: preview application http://bdd-nh-1593054895.**-cb-kubecd-bdd-nh-1593054895-pr-1.34.235.10.152.nip.io not available, error was 503 503 Service Temporarily Unavailable, delaying for: 1.250763057s
WARNING: preview application http://bdd-nh-1593054895.**-cb-kubecd-bdd-nh-1593054895-pr-1.34.235.10.152.nip.io not available, error was 503 503 Service Temporarily Unavailable, delaying for: 976.446067ms
WARNING: preview application http://bdd-nh-1593054895.**-cb-kubecd-bdd-nh-1593054895-pr-1.34.235.10.152.nip.io not available, error was 503 503 Service Temporarily Unavailable, delaying for: 1.646617594s
WARNING: preview application http://bdd-nh-1593054895.**-cb-kubecd-bdd-nh-1593054895-pr-1.34.235.10.152.nip.io not available, error was 503 503 Service Temporarily Unavailable, delaying for: 1.990696801s
WARNING: preview application http://bdd-nh-1593054895.**-cb-kubecd-bdd-nh-1593054895-pr-1.34.235.10.152.nip.io not available, error was 503 503 Service Temporarily Unavailable, delaying for: 5.515001875s
Preview application is now available at: http://bdd-nh-1593054895.**-cb-kubecd-bdd-nh-1593054895-pr-1.34.235.10.152.nip.io
